2019-12-27 09:17:07 Configure() ERROR: object N8Tomahawk7Network12SocketServerE - there are no hosts provided
2019-12-27 09:17:07 Create() ERROR: Configuration file was not written correctly.
2020-01-18 19:49:51 Configure() ERROR: object N8Tomahawk7Network12SocketServerE - cannot open 127.0.0.1:80 -> Permission denied
2020-01-18 19:49:51 Create() ERROR: Configuration file was not written correctly.
2020-01-18 20:07:46 Configure() ERROR: object N8Tomahawk7Network12SocketServerE -> cannot open 127.0.0.1:80 -> Permission denied
2020-01-18 20:07:46 Create() ERROR: Configuration file was not written correctly.
2020-01-22 01:53:39 Tomahawk::Network::HTTP::Server::OnUnlisten() ERROR: resource directory E:\dev\build\lynx\files\ cannot be deleted
	system cause: The system cannot find the path specified.
2020-05-15 16:21:53 Tomahawk::Rest::Debugger::AddObject() Error: new (0102F758): 40 bytes
	system cause: Cannot create a file when that file already exists.
2020-05-15 16:21:53 Tomahawk::Rest::Debugger::AddObject() Error: new (01097D68): 120 bytes
	system cause: Cannot create a file when that file already exists.
2020-05-15 16:21:53 Tomahawk::Rest::Debugger::AddObject() Error: new (010972E8): 120 bytes
2020-05-15 16:21:53 Tomahawk::Rest::Debugger::AddObject() Error: new (01098350): 120 bytes
2020-05-15 16:21:53 Tomahawk::Rest::Debugger::AddObject() Error: new (01098548): 120 bytes
2020-05-15 16:21:53 Tomahawk::Rest::Debugger::AddObject() Error: new (01097EB8): 120 bytes
2020-05-15 16:21:53 Tomahawk::Rest::Debugger::AddObject() Error: new (01097438): 120 bytes
2020-05-15 16:21:53 Tomahawk::Rest::Debugger::AddObject() Error: new (01097198): 120 bytes
2020-05-15 16:21:53 Tomahawk::Rest::Debugger::AddObject() Error: new (010984A0): 120 bytes
2020-05-15 16:21:53 Tomahawk::Rest::Debugger::AddObject() Error: new (010974E0): 120 bytes
2020-05-15 16:21:53 Tomahawk::Rest::Debugger::AddObject() Error: new (010983F8): 120 bytes
2020-05-15 16:21:53 Tomahawk::Rest::Debugger::AddObject() Error: new (01098158): 120 bytes
2020-05-15 16:21:53 Tomahawk::Rest::Debugger::AddObject() Error: new (010970F0): 120 bytes
2020-05-15 16:21:53 Tomahawk::Rest::Debugger::AddObject() Error: new (01097630): 120 bytes
2020-05-15 16:21:53 Tomahawk::Rest::Debugger::AddObject() Error: new (010976D8): 120 bytes
2020-05-15 16:21:53 Tomahawk::Rest::Debugger::AddObject() Error: new (01097780): 120 bytes
2020-05-15 16:21:53 Tomahawk::Rest::Debugger::AddObject() Error: new (01097828): 120 bytes
2020-05-15 16:21:53 Tomahawk::Rest::Debugger::AddObject() Error: new (010978D0): 120 bytes
2020-05-15 16:21:53 Tomahawk::Rest::Debugger::AddObject() Error: new (01097B70): 120 bytes
2020-05-15 16:21:53 Tomahawk::Rest::Debugger::AddObject() Error: new (01097C18): 120 bytes
2020-05-15 16:21:53 Tomahawk::Rest::Debugger::AddObject() Error: new (01097F60): 120 bytes
2020-05-15 16:21:53 Tomahawk::Rest::Debugger::AddObject() Error: new (01098008): 120 bytes
2020-05-15 16:21:53 Tomahawk::Rest::Debugger::AddObject() Error: new (010980B0): 120 bytes
2020-05-15 16:21:53 Tomahawk::Rest::Debugger::AddObject() Error: new (01098200): 120 bytes
2020-05-15 16:21:53 Tomahawk::Rest::Debugger::AddObject() Error: new (01098938): 120 bytes
2020-05-15 16:21:53 Tomahawk::Rest::Debugger::AddObject() Error: new (01098740): 120 bytes
2020-05-15 16:21:53 Tomahawk::Rest::Debugger::AddObject() Error: new (01098A88): 120 bytes
2020-05-15 16:21:53 Tomahawk::Rest::Debugger::AddObject() Error: new (010985F0): 120 bytes
2020-05-15 16:21:53 Tomahawk::Rest::Debugger::AddObject() Error: new (01098DD0): 120 bytes
2020-05-15 16:21:53 Tomahawk::Rest::Debugger::AddObject() Error: new (010987E8): 120 bytes
2020-05-15 16:21:53 Tomahawk::Rest::Debugger::AddObject() Error: new (01098698): 120 bytes
2020-05-15 16:21:53 Tomahawk::Rest::Debugger::AddObject() Error: new (01098B30): 120 bytes
2020-05-15 16:21:53 Tomahawk::Rest::Debugger::AddObject() Error: new (01098C80): 120 bytes
2020-05-15 16:21:53 Tomahawk::Rest::Debugger::AddObject() Error: new (01098BD8): 120 bytes
2020-05-15 16:21:53 Tomahawk::Rest::Debugger::AddObject() Error: new (01098FC8): 120 bytes
2020-05-15 16:21:53 Tomahawk::Rest::Debugger::AddObject() Error: new (01098F20): 120 bytes
2020-05-15 16:21:53 Tomahawk::Rest::Debugger::AddObject() Error: new (01098890): 120 bytes
2020-05-15 16:21:53 Tomahawk::Rest::Debugger::AddObject() Error: new (01098D28): 120 bytes
2020-05-15 16:21:53 Tomahawk::Rest::Debugger::AddObject() Error: new (01098E78): 120 bytes
2020-05-15 16:21:53 Tomahawk::Rest::Debugger::AddObject() Error: new (010989E0): 120 bytes
2020-05-15 16:21:53 Tomahawk::Rest::Debugger::AddObject() Error: new (01069258): 120 bytes
2020-05-15 16:21:53 Tomahawk::Rest::Debugger::AddObject() Error: new (01068C70): 120 bytes
2020-05-15 16:21:53 Tomahawk::Rest::Debugger::AddObject() Error: new (01068880): 120 bytes
2020-05-15 16:21:53 Tomahawk::Rest::Debugger::AddObject() Error: new (01068B20): 120 bytes
2020-05-15 16:21:53 Tomahawk::Rest::Debugger::AddObject() Error: new (01068538): 120 bytes
2020-05-15 16:21:53 Tomahawk::Rest::Debugger::AddObject() Error: new (010685E0): 120 bytes
2020-05-15 16:21:53 Tomahawk::Rest::Debugger::RemoveObject() Error: delete (0106DB80): 120 bytes
2020-05-15 16:21:53 Tomahawk::Rest::Debugger::RemoveObject() Error: delete (0106DAD8): 120 bytes
2020-05-15 16:21:53 Tomahawk::Rest::Debugger::RemoveObject() Error: delete (01071320): 120 bytes
2020-05-15 16:21:53 Tomahawk::Rest::Debugger::RemoveObject() Error: delete (01071278): 120 bytes
2020-05-15 16:21:53 Tomahawk::Rest::Debugger::RemoveObject() Error: delete (01095D70): 120 bytes
2020-05-15 16:21:53 Tomahawk::Rest::Debugger::RemoveObject() Error: delete (010713C8): 120 bytes
2020-05-15 16:21:53 Tomahawk::Rest::Debugger::RemoveObject() Error: delete (01095EC0): 120 bytes
2020-05-15 16:21:53 Tomahawk::Rest::Debugger::RemoveObject() Error: delete (01095E18): 120 bytes
2020-05-15 16:21:53 Tomahawk::Rest::Debugger::RemoveObject() Error: delete (01096010): 120 bytes
2020-05-15 16:21:53 Tomahawk::Rest::Debugger::RemoveObject() Error: delete (01095F68): 120 bytes
2020-05-15 16:21:53 Tomahawk::Rest::Debugger::RemoveObject() Error: delete (01096EA8): 120 bytes
2020-05-15 16:21:53 Tomahawk::Rest::Debugger::RemoveObject() Error: delete (01096FF8): 120 bytes
2020-05-15 16:21:53 Tomahawk::Rest::Debugger::RemoveObject() Error: delete (01096A10): 120 bytes
2020-05-15 16:21:53 Tomahawk::Rest::Debugger::RemoveObject() Error: delete (01096B60): 120 bytes
2020-05-15 16:21:53 Tomahawk::Rest::Debugger::RemoveObject() Error: delete (0106D690): 120 bytes
2020-05-15 16:21:53 Tomahawk::Rest::Debugger::RemoveObject() Error: delete (01096C08): 120 bytes
2020-05-15 16:21:53 Tomahawk::Rest::Debugger::RemoveObject() Error: delete (01096D58): 120 bytes
2020-05-15 16:21:53 Tomahawk::Rest::Debugger::RemoveObject() Error: delete (01096230): 120 bytes
2020-05-15 16:21:53 Tomahawk::Rest::Debugger::RemoveObject() Error: delete (01096CB0): 120 bytes
2020-05-15 16:21:53 Tomahawk::Rest::Debugger::RemoveObject() Error: delete (010968C0): 120 bytes
2020-05-15 16:21:53 Tomahawk::Rest::Debugger::RemoveObject() Error: delete (01096AB8): 120 bytes
2020-05-15 16:21:53 Tomahawk::Rest::Debugger::RemoveObject() Error: delete (01096E00): 120 bytes
2020-05-15 16:21:53 Tomahawk::Rest::Debugger::RemoveObject() Error: delete (01096380): 120 bytes
2020-05-15 16:21:53 Tomahawk::Rest::Debugger::RemoveObject() Error: delete (010960E0): 120 bytes
2020-05-15 16:21:53 Tomahawk::Rest::Debugger::RemoveObject() Error: delete (01096188): 120 bytes
2020-05-15 16:21:53 Tomahawk::Rest::Debugger::RemoveObject() Error: delete (01096F50): 120 bytes
2020-05-15 16:21:53 Tomahawk::Rest::Debugger::RemoveObject() Error: delete (01096620): 120 bytes
2020-05-15 16:21:53 Tomahawk::Rest::Debugger::RemoveObject() Error: delete (010962D8): 120 bytes
2020-05-15 16:21:53 Tomahawk::Rest::Debugger::RemoveObject() Error: delete (010964D0): 120 bytes
2020-05-15 16:21:53 Tomahawk::Rest::Debugger::RemoveObject() Error: delete (01096770): 120 bytes
2020-05-15 16:21:53 Tomahawk::Rest::Debugger::RemoveObject() Error: delete (010966C8): 120 bytes
2020-05-15 16:21:53 Tomahawk::Rest::Debugger::RemoveObject() Error: delete (01097588): 120 bytes
2020-05-15 16:21:53 Tomahawk::Rest::Debugger::RemoveObject() Error: delete (01096818): 120 bytes
2020-05-15 16:21:53 Tomahawk::Rest::Debugger::RemoveObject() Error: delete (010982A8): 120 bytes
2020-05-15 16:21:53 Tomahawk::Rest::Debugger::RemoveObject() Error: delete (01097A20): 120 bytes
2020-05-15 16:21:53 Tomahawk::Rest::Debugger::RemoveObject() Error: delete (01097240): 120 bytes
2020-05-15 16:21:53 Tomahawk::Rest::Debugger::RemoveObject() Error: delete (01097AC8): 120 bytes
2020-05-15 16:21:53 Tomahawk::Rest::Debugger::RemoveObject() Error: delete (01096578): 120 bytes
2020-05-15 16:21:53 Tomahawk::Rest::Debugger::RemoveObject() Error: delete (01097E10): 120 bytes
2020-05-15 16:21:53 Tomahawk::Rest::Debugger::RemoveObject() Error: delete (01097390): 120 bytes
2020-05-15 16:21:53 Tomahawk::Rest::Debugger::RemoveObject() Error: delete (01097CC0): 120 bytes
2020-05-15 16:21:53 Tomahawk::Rest::Debugger::RemoveObject() Error: delete (01097978): 120 bytes
2020-05-15 16:21:53 Tomahawk::Rest::Debugger::RemoveObject() Error: delete (01096428): 120 bytes
2020-05-15 16:21:53 Tomahawk::Rest::Debugger::RemoveObject() Error: delete (01096968): 120 bytes
2020-05-15 16:21:53 Tomahawk::Rest::Debugger::RemoveObject() Error: delete (0106D5E8): 120 bytes
2020-05-15 16:21:53 Tomahawk::Rest::Debugger::RemoveObject() Error: delete (0102F128): 40 bytes
2020-05-15 16:21:53 Tomahawk::Rest::Debugger::RemoveObject() Error: delete (01098548): 120 bytes
2020-05-15 16:21:53 Tomahawk::Rest::Debugger::RemoveObject() Error: delete (01098350): 120 bytes
2020-05-15 16:21:53 Tomahawk::Rest::Debugger::RemoveObject() Error: delete (01097438): 120 bytes
2020-05-15 16:21:53 Tomahawk::Rest::Debugger::RemoveObject() Error: delete (01097EB8): 120 bytes
2020-05-15 16:21:53 Tomahawk::Rest::Debugger::RemoveObject() Error: delete (010984A0): 120 bytes
2020-05-15 16:21:53 Tomahawk::Rest::Debugger::RemoveObject() Error: delete (01097198): 120 bytes
2020-05-15 16:21:53 Tomahawk::Rest::Debugger::RemoveObject() Error: delete (010983F8): 120 bytes
2020-05-15 16:21:53 Tomahawk::Rest::Debugger::RemoveObject() Error: delete (010974E0): 120 bytes
2020-05-15 16:21:53 Tomahawk::Rest::Debugger::RemoveObject() Error: delete (010970F0): 120 bytes
2020-05-15 16:21:53 Tomahawk::Rest::Debugger::RemoveObject() Error: delete (01098158): 120 bytes
2020-05-15 16:21:53 Tomahawk::Rest::Debugger::RemoveObject() Error: delete (010976D8): 120 bytes
2020-05-15 16:21:53 Tomahawk::Rest::Debugger::RemoveObject() Error: delete (01097630): 120 bytes
2020-05-15 16:21:53 Tomahawk::Rest::Debugger::RemoveObject() Error: delete (01097828): 120 bytes
2020-05-15 16:21:53 Tomahawk::Rest::Debugger::RemoveObject() Error: delete (01097780): 120 bytes
2020-05-15 16:21:53 Tomahawk::Rest::Debugger::RemoveObject() Error: delete (010972E8): 120 bytes
2020-05-15 16:21:53 Tomahawk::Rest::Debugger::RemoveObject() Error: delete (01097B70): 120 bytes
2020-05-15 16:21:53 Tomahawk::Rest::Debugger::RemoveObject() Error: delete (01097F60): 120 bytes
2020-05-15 16:21:53 Tomahawk::Rest::Debugger::RemoveObject() Error: delete (01097C18): 120 bytes
2020-05-15 16:21:53 Tomahawk::Rest::Debugger::RemoveObject() Error: delete (010980B0): 120 bytes
2020-05-15 16:21:53 Tomahawk::Rest::Debugger::RemoveObject() Error: delete (01098008): 120 bytes
2020-05-15 16:21:53 Tomahawk::Rest::Debugger::RemoveObject() Error: delete (010978D0): 120 bytes
2020-05-15 16:21:53 Tomahawk::Rest::Debugger::RemoveObject() Error: delete (01098938): 120 bytes
2020-05-15 16:21:53 Tomahawk::Rest::Debugger::RemoveObject() Error: delete (01098A88): 120 bytes
2020-05-15 16:21:53 Tomahawk::Rest::Debugger::RemoveObject() Error: delete (01098740): 120 bytes
2020-05-15 16:21:53 Tomahawk::Rest::Debugger::RemoveObject() Error: delete (01098DD0): 120 bytes
2020-05-15 16:21:53 Tomahawk::Rest::Debugger::RemoveObject() Error: delete (010985F0): 120 bytes
2020-05-15 16:21:53 Tomahawk::Rest::Debugger::RemoveObject() Error: delete (01098698): 120 bytes
2020-05-15 16:21:53 Tomahawk::Rest::Debugger::RemoveObject() Error: delete (010987E8): 120 bytes
2020-05-15 16:21:53 Tomahawk::Rest::Debugger::RemoveObject() Error: delete (01098C80): 120 bytes
2020-05-15 16:21:53 Tomahawk::Rest::Debugger::RemoveObject() Error: delete (01098F20): 120 bytes
2020-05-15 16:21:53 Tomahawk::Rest::Debugger::RemoveObject() Error: delete (01098FC8): 120 bytes
2020-05-15 16:21:53 Tomahawk::Rest::Debugger::RemoveObject() Error: delete (01098D28): 120 bytes
2020-05-15 16:21:53 Tomahawk::Rest::Debugger::RemoveObject() Error: delete (01098890): 120 bytes
2020-05-15 16:21:53 Tomahawk::Rest::Debugger::RemoveObject() Error: delete (010989E0): 120 bytes
2020-05-15 16:21:53 Tomahawk::Rest::Debugger::RemoveObject() Error: delete (01098E78): 120 bytes
2020-05-15 16:21:53 Tomahawk::Rest::Debugger::RemoveObject() Error: delete (01068C70): 120 bytes
2020-05-15 16:212020-08-26 10:22:53 Tomahawk::Network::SocketServer::Configure() Error: cannot bind 25.89.98.169:80
	system cause: The requested address is not valid in its context.
2021-08-08 07:41:33 core.cpp:4340 [warn] [perf] @sock-accept took 6 ms (6243 us)
	function: Tomahawk::Network::SocketServer::Accept()
	file: network.cpp:1935
	expected: 5 ms at most
2021-08-13 10:46:22 core.cpp:4327 [warn] [perf] @dispatch-task took 346 ms (346231 us)
	function: Tomahawk::Core::Schedule::DispatchTask()
	file: core.cpp:7666
	expected: 200 ms at most
2021-08-13 10:46:23 core.cpp:4327 [warn] [perf] @schedule-task took 6 ms (6150 us)
	function: Tomahawk::Core::Schedule::SetTask()
	file: core.cpp:7373
	expected: 1 ms at most
2021-08-13 10:46:50 core.cpp:4327 [warn] [perf] @dispatch-task took 1285 ms (1285720 us)
	function: Tomahawk::Core::Schedule::DispatchTask()
	file: core.cpp:7666
	expected: 200 ms at most
